CRITICAL - 2021-12-08 01:57:04 --> deafult is not a valid database connection group.
#0 C:\xampp\htdocs\kasir\kasir\vendor\codeigniter4\framework\system\Common.php(312): CodeIgniter\Database\Config::connect('deafult', true)
#1 C:\xampp\htdocs\kasir\kasir\vendor\codeigniter4\framework\system\Database\MigrationRunner.php(149): db_connect(NULL)
#2 C:\xampp\htdocs\kasir\kasir\vendor\codeigniter4\framework\system\Config\Services.php(376): CodeIgniter\Database\MigrationRunner->__construct(NULL, NULL)
#3 C:\xampp\htdocs\kasir\kasir\vendor\codeigniter4\framework\system\Config\BaseService.php(248): CodeIgniter\Config\Services::migrations(Object(Config\Migrations), NULL, false)
#4 C:\xampp\htdocs\kasir\kasir\vendor\codeigniter4\framework\system\Config\BaseService.php(189): CodeIgniter\Config\BaseService::__callStatic('migrations', Array)
#5 C:\xampp\htdocs\kasir\kasir\vendor\codeigniter4\framework\system\Config\Services.php(371): CodeIgniter\Config\BaseService::getSharedInstance('migrations', NULL, NULL)
#6 C:\xampp\htdocs\kasir\kasir\vendor\codeigniter4\framework\system\Config\BaseService.php(248): CodeIgniter\Config\Services::migrations()
#7 C:\xampp\htdocs\kasir\kasir\vendor\codeigniter4\framework\system\Commands\Database\Migrate.php(69): CodeIgniter\Config\BaseService::__callStatic('migrations', Array)
#8 C:\xampp\htdocs\kasir\kasir\vendor\codeigniter4\framework\system\CLI\Commands.php(63): CodeIgniter\Commands\Database\Migrate->run(Array)
#9 C:\xampp\htdocs\kasir\kasir\vendor\codeigniter4\framework\system\CLI\CommandRunner.php(70): CodeIgniter\CLI\Commands->run('migrate', Array)
#10 C:\xampp\htdocs\kasir\kasir\vendor\codeigniter4\framework\system\CLI\CommandRunner.php(56): CodeIgniter\CLI\CommandRunner->index(Array)
#11 C:\xampp\htdocs\kasir\kasir\vendor\codeigniter4\framework\system\CodeIgniter.php(822): CodeIgniter\CLI\CommandRunner->_remap('index', 'migrate')
#12 C:\xampp\htdocs\kasir\kasir\vendor\codeigniter4\framework\system\CodeIgniter.php(410): CodeIgniter\CodeIgniter->runController(Object(CodeIgniter\CLI\CommandRunner))
#13 C:\xampp\htdocs\kasir\kasir\vendor\codeigniter4\framework\system\CodeIgniter.php(318): CodeIgniter\CodeIgniter->handleRequest(NULL, Object(Config\Cache), false)
#14 C:\xampp\htdocs\kasir\kasir\vendor\codeigniter4\framework\system\CLI\Console.php(48): CodeIgniter\CodeIgniter->run()
#15 C:\xampp\htdocs\kasir\kasir\spark(63): CodeIgniter\CLI\Console->run()
#16 {main}
CRITICAL - 2021-12-08 05:07:30 --> Invalid file: layou.php
#0 C:\xampp\htdocs\kasir\kasir\vendor\codeigniter4\framework\system\View\View.php(198): CodeIgniter\Exceptions\FrameworkException::forInvalidFile('layou.php')
#1 C:\xampp\htdocs\kasir\kasir\vendor\codeigniter4\framework\system\Common.php(1097): CodeIgniter\View\View->render('layou', Array, true)
#2 C:\xampp\htdocs\kasir\kasir\app\Controllers\Home.php(9): view('layou')
#3 C:\xampp\htdocs\kasir\kasir\vendor\codeigniter4\framework\system\CodeIgniter.php(824): App\Controllers\Home->index()
#4 C:\xampp\htdocs\kasir\kasir\vendor\codeigniter4\framework\system\CodeIgniter.php(410): CodeIgniter\CodeIgniter->runController(Object(App\Controllers\Home))
#5 C:\xampp\htdocs\kasir\kasir\vendor\codeigniter4\framework\system\CodeIgniter.php(318): CodeIgniter\CodeIgniter->handleRequest(NULL, Object(Config\Cache), false)
#6 C:\xampp\htdocs\kasir\kasir\public\index.php(37): CodeIgniter\CodeIgniter->run()
#7 C:\xampp\htdocs\kasir\kasir\vendor\codeigniter4\framework\system\Commands\Server\rewrite.php(43): require_once('C:\\xampp\\htdocs...')
#8 {main}
CRITICAL - 2021-12-08 05:07:32 --> Invalid file: layou.php
#0 C:\xampp\htdocs\kasir\kasir\vendor\codeigniter4\framework\system\View\View.php(198): CodeIgniter\Exceptions\FrameworkException::forInvalidFile('layou.php')
#1 C:\xampp\htdocs\kasir\kasir\vendor\codeigniter4\framework\system\Common.php(1097): CodeIgniter\View\View->render('layou', Array, true)
#2 C:\xampp\htdocs\kasir\kasir\app\Controllers\Home.php(9): view('layou')
#3 C:\xampp\htdocs\kasir\kasir\vendor\codeigniter4\framework\system\CodeIgniter.php(824): App\Controllers\Home->index()
#4 C:\xampp\htdocs\kasir\kasir\vendor\codeigniter4\framework\system\CodeIgniter.php(410): CodeIgniter\CodeIgniter->runController(Object(App\Controllers\Home))
#5 C:\xampp\htdocs\kasir\kasir\vendor\codeigniter4\framework\system\CodeIgniter.php(318): CodeIgniter\CodeIgniter->handleRequest(NULL, Object(Config\Cache), false)
#6 C:\xampp\htdocs\kasir\kasir\public\index.php(37): CodeIgniter\CodeIgniter->run()
#7 C:\xampp\htdocs\kasir\kasir\vendor\codeigniter4\framework\system\Commands\Server\rewrite.php(43): require_once('C:\\xampp\\htdocs...')
#8 {main}
CRITICAL - 2021-12-08 05:07:34 --> Invalid file: layou.php
#0 C:\xampp\htdocs\kasir\kasir\vendor\codeigniter4\framework\system\View\View.php(198): CodeIgniter\Exceptions\FrameworkException::forInvalidFile('layou.php')
#1 C:\xampp\htdocs\kasir\kasir\vendor\codeigniter4\framework\system\Common.php(1097): CodeIgniter\View\View->render('layou', Array, true)
#2 C:\xampp\htdocs\kasir\kasir\app\Controllers\Home.php(9): view('layou')
#3 C:\xampp\htdocs\kasir\kasir\vendor\codeigniter4\framework\system\CodeIgniter.php(824): App\Controllers\Home->index()
#4 C:\xampp\htdocs\kasir\kasir\vendor\codeigniter4\framework\system\CodeIgniter.php(410): CodeIgniter\CodeIgniter->runController(Object(App\Controllers\Home))
#5 C:\xampp\htdocs\kasir\kasir\vendor\codeigniter4\framework\system\CodeIgniter.php(318): CodeIgniter\CodeIgniter->handleRequest(NULL, Object(Config\Cache), false)
#6 C:\xampp\htdocs\kasir\kasir\public\index.php(37): CodeIgniter\CodeIgniter->run()
#7 C:\xampp\htdocs\kasir\kasir\vendor\codeigniter4\framework\system\Commands\Server\rewrite.php(43): require_once('C:\\xampp\\htdocs...')
#8 {main}
CRITICAL - 2021-12-08 05:14:01 --> Invalid file: layou.php
#0 C:\xampp\htdocs\kasir\kasir\vendor\codeigniter4\framework\system\View\View.php(198): CodeIgniter\Exceptions\FrameworkException::forInvalidFile('layou.php')
#1 C:\xampp\htdocs\kasir\kasir\vendor\codeigniter4\framework\system\Common.php(1097): CodeIgniter\View\View->render('layou', Array, true)
#2 C:\xampp\htdocs\kasir\kasir\app\Controllers\Home.php(9): view('layou')
#3 C:\xampp\htdocs\kasir\kasir\vendor\codeigniter4\framework\system\CodeIgniter.php(824): App\Controllers\Home->index()
#4 C:\xampp\htdocs\kasir\kasir\vendor\codeigniter4\framework\system\CodeIgniter.php(410): CodeIgniter\CodeIgniter->runController(Object(App\Controllers\Home))
#5 C:\xampp\htdocs\kasir\kasir\vendor\codeigniter4\framework\system\CodeIgniter.php(318): CodeIgniter\CodeIgniter->handleRequest(NULL, Object(Config\Cache), false)
#6 C:\xampp\htdocs\kasir\kasir\public\index.php(37): CodeIgniter\CodeIgniter->run()
#7 C:\xampp\htdocs\kasir\kasir\vendor\codeigniter4\framework\system\Commands\Server\rewrite.php(43): require_once('C:\\xampp\\htdocs...')
#8 {main}
CRITICAL - 2021-12-08 05:25:12 --> Invalid file: layou.php
#0 C:\xampp\htdocs\kasir\kasir\vendor\codeigniter4\framework\system\View\View.php(198): CodeIgniter\Exceptions\FrameworkException::forInvalidFile('layou.php')
#1 C:\xampp\htdocs\kasir\kasir\vendor\codeigniter4\framework\system\Common.php(1097): CodeIgniter\View\View->render('layou', Array, true)
#2 C:\xampp\htdocs\kasir\kasir\app\Controllers\Home.php(9): view('layou')
#3 C:\xampp\htdocs\kasir\kasir\vendor\codeigniter4\framework\system\CodeIgniter.php(824): App\Controllers\Home->index()
#4 C:\xampp\htdocs\kasir\kasir\vendor\codeigniter4\framework\system\CodeIgniter.php(410): CodeIgniter\CodeIgniter->runController(Object(App\Controllers\Home))
#5 C:\xampp\htdocs\kasir\kasir\vendor\codeigniter4\framework\system\CodeIgniter.php(318): CodeIgniter\CodeIgniter->handleRequest(NULL, Object(Config\Cache), false)
#6 C:\xampp\htdocs\kasir\kasir\public\index.php(37): CodeIgniter\CodeIgniter->run()
#7 C:\xampp\htdocs\kasir\kasir\vendor\codeigniter4\framework\system\Commands\Server\rewrite.php(43): require_once('C:\\xampp\\htdocs...')
#8 {main}
CRITICAL - 2021-12-08 05:25:14 --> Invalid file: layou.php
#0 C:\xampp\htdocs\kasir\kasir\vendor\codeigniter4\framework\system\View\View.php(198): CodeIgniter\Exceptions\FrameworkException::forInvalidFile('layou.php')
#1 C:\xampp\htdocs\kasir\kasir\vendor\codeigniter4\framework\system\Common.php(1097): CodeIgniter\View\View->render('layou', Array, true)
#2 C:\xampp\htdocs\kasir\kasir\app\Controllers\Home.php(9): view('layou')
#3 C:\xampp\htdocs\kasir\kasir\vendor\codeigniter4\framework\system\CodeIgniter.php(824): App\Controllers\Home->index()
#4 C:\xampp\htdocs\kasir\kasir\vendor\codeigniter4\framework\system\CodeIgniter.php(410): CodeIgniter\CodeIgniter->runController(Object(App\Controllers\Home))
#5 C:\xampp\htdocs\kasir\kasir\vendor\codeigniter4\framework\system\CodeIgniter.php(318): CodeIgniter\CodeIgniter->handleRequest(NULL, Object(Config\Cache), false)
#6 C:\xampp\htdocs\kasir\kasir\public\index.php(37): CodeIgniter\CodeIgniter->run()
#7 C:\xampp\htdocs\kasir\kasir\vendor\codeigniter4\framework\system\Commands\Server\rewrite.php(43): require_once('C:\\xampp\\htdocs...')
#8 {main}
CRITICAL - 2021-12-08 09:30:13 --> Cannot declare class App\Controllers\Home, because the name is already in use
#0 [internal function]: CodeIgniter\Debug\Exceptions->shutdownHandler()
#1 {main}
CRITICAL - 2021-12-08 09:32:52 --> Cannot declare class App\Controllers\Home, because the name is already in use
#0 [internal function]: CodeIgniter\Debug\Exceptions->shutdownHandler()
#1 {main}
CRITICAL - 2021-12-08 09:33:53 --> Cannot declare class App\Controllers\Home, because the name is already in use
#0 [internal function]: CodeIgniter\Debug\Exceptions->shutdownHandler()
#1 {main}
CRITICAL - 2021-12-08 09:35:03 --> Cannot declare class App\Controllers\Home, because the name is already in use
#0 [internal function]: CodeIgniter\Debug\Exceptions->shutdownHandler()
#1 {main}
CRITICAL - 2021-12-08 09:36:29 --> Cannot declare class App\Controllers\Home, because the name is already in use
#0 [internal function]: CodeIgniter\Debug\Exceptions->shutdownHandler()
#1 {main}
CRITICAL - 2021-12-08 09:38:31 --> Cannot declare class App\Controllers\Home, because the name is already in use
#0 [internal function]: CodeIgniter\Debug\Exceptions->shutdownHandler()
#1 {main}
CRITICAL - 2021-12-08 09:39:39 --> Cannot declare class App\Controllers\Home, because the name is already in use
#0 [internal function]: CodeIgniter\Debug\Exceptions->shutdownHandler()
#1 {main}
CRITICAL - 2021-12-08 09:49:17 --> Cannot declare class App\Controllers\Home, because the name is already in use
#0 [internal function]: CodeIgniter\Debug\Exceptions->shutdownHandler()
#1 {main}
CRITICAL - 2021-12-08 09:49:32 --> Cannot declare class App\Controllers\Home, because the name is already in use
#0 [internal function]: CodeIgniter\Debug\Exceptions->shutdownHandler()
#1 {main}
CRITICAL - 2021-12-08 09:50:23 --> Cannot declare class App\Controllers\Home, because the name is already in use
#0 [internal function]: CodeIgniter\Debug\Exceptions->shutdownHandler()
#1 {main}
CRITICAL - 2021-12-08 09:50:27 --> Cannot declare class App\Controllers\Home, because the name is already in use
#0 [internal function]: CodeIgniter\Debug\Exceptions->shutdownHandler()
#1 {main}
CRITICAL - 2021-12-08 09:53:17 --> Cannot declare class App\Controllers\Home, because the name is already in use
#0 [internal function]: CodeIgniter\Debug\Exceptions->shutdownHandler()
#1 {main}
CRITICAL - 2021-12-08 09:53:19 --> Cannot declare class App\Controllers\Home, because the name is already in use
#0 [internal function]: CodeIgniter\Debug\Exceptions->shutdownHandler()
#1 {main}
CRITICAL - 2021-12-08 09:57:06 --> Undefined variable: vd
#0 C:\xampp\htdocs\kasir\kasir\app\Views\user\register.php(5): CodeIgniter\Debug\Exceptions->errorHandler(8, 'Undefined varia...', 'C:\\xampp\\htdocs...', 5, Array)
#1 C:\xampp\htdocs\kasir\kasir\vendor\codeigniter4\framework\system\View\View.php(214): include('C:\\xampp\\htdocs...')
#2 C:\xampp\htdocs\kasir\kasir\vendor\codeigniter4\framework\system\View\View.php(217): CodeIgniter\View\View->CodeIgniter\View\{closure}()
#3 C:\xampp\htdocs\kasir\kasir\vendor\codeigniter4\framework\system\Common.php(1097): CodeIgniter\View\View->render('User/register', Array, true)
#4 C:\xampp\htdocs\kasir\kasir\app\Controllers\User.php(11): view('User/register')
#5 C:\xampp\htdocs\kasir\kasir\vendor\codeigniter4\framework\system\CodeIgniter.php(824): App\Controllers\User->register()
#6 C:\xampp\htdocs\kasir\kasir\vendor\codeigniter4\framework\system\CodeIgniter.php(410): CodeIgniter\CodeIgniter->runController(Object(App\Controllers\User))
#7 C:\xampp\htdocs\kasir\kasir\vendor\codeigniter4\framework\system\CodeIgniter.php(318): CodeIgniter\CodeIgniter->handleRequest(NULL, Object(Config\Cache), false)
#8 C:\xampp\htdocs\kasir\kasir\public\index.php(37): CodeIgniter\CodeIgniter->run()
#9 C:\xampp\htdocs\kasir\kasir\vendor\codeigniter4\framework\system\Commands\Server\rewrite.php(43): require_once('C:\\xampp\\htdocs...')
#10 {main}
ERROR - 2021-12-08 11:00:40 --> Unknown column 'created_at' in 'field list'
CRITICAL - 2021-12-08 11:00:40 --> Unknown column 'created_at' in 'field list'
#0 C:\xampp\htdocs\kasir\kasir\vendor\codeigniter4\framework\system\Database\MySQLi\Connection.php(292): mysqli->query('INSERT INTO `us...', 0)
#1 C:\xampp\htdocs\kasir\kasir\vendor\codeigniter4\framework\system\Database\BaseConnection.php(670): CodeIgniter\Database\MySQLi\Connection->execute('INSERT INTO `us...')
#2 C:\xampp\htdocs\kasir\kasir\vendor\codeigniter4\framework\system\Database\BaseConnection.php(598): CodeIgniter\Database\BaseConnection->simpleQuery('INSERT INTO `us...')
#3 C:\xampp\htdocs\kasir\kasir\vendor\codeigniter4\framework\system\Database\BaseBuilder.php(1759): CodeIgniter\Database\BaseConnection->query('INSERT INTO `us...', Array, false)
#4 C:\xampp\htdocs\kasir\kasir\vendor\codeigniter4\framework\system\Model.php(239): CodeIgniter\Database\BaseBuilder->insert()
#5 C:\xampp\htdocs\kasir\kasir\vendor\codeigniter4\framework\system\BaseModel.php(738): CodeIgniter\Model->doInsert(Array)
#6 C:\xampp\htdocs\kasir\kasir\vendor\codeigniter4\framework\system\Model.php(620): CodeIgniter\BaseModel->insert(Array, false)
#7 C:\xampp\htdocs\kasir\kasir\vendor\codeigniter4\framework\system\BaseModel.php(658): CodeIgniter\Model->insert(Object(App\Entities\User), false)
#8 C:\xampp\htdocs\kasir\kasir\app\Controllers\User.php(31): CodeIgniter\BaseModel->save(Object(App\Entities\User))
#9 C:\xampp\htdocs\kasir\kasir\vendor\codeigniter4\framework\system\CodeIgniter.php(824): App\Controllers\User->register()
#10 C:\xampp\htdocs\kasir\kasir\vendor\codeigniter4\framework\system\CodeIgniter.php(410): CodeIgniter\CodeIgniter->runController(Object(App\Controllers\User))
#11 C:\xampp\htdocs\kasir\kasir\vendor\codeigniter4\framework\system\CodeIgniter.php(318): CodeIgniter\CodeIgniter->handleRequest(NULL, Object(Config\Cache), false)
#12 C:\xampp\htdocs\kasir\kasir\public\index.php(37): CodeIgniter\CodeIgniter->run()
#13 C:\xampp\htdocs\kasir\kasir\vendor\codeigniter4\framework\system\Commands\Server\rewrite.php(43): require_once('C:\\xampp\\htdocs...')
#14 {main}
ERROR - 2021-12-08 11:04:08 --> Unknown column 'created_at' in 'field list'
CRITICAL - 2021-12-08 11:04:08 --> Unknown column 'created_at' in 'field list'
#0 C:\xampp\htdocs\kasir\kasir\vendor\codeigniter4\framework\system\Database\MySQLi\Connection.php(292): mysqli->query('INSERT INTO `us...', 0)
#1 C:\xampp\htdocs\kasir\kasir\vendor\codeigniter4\framework\system\Database\BaseConnection.php(670): CodeIgniter\Database\MySQLi\Connection->execute('INSERT INTO `us...')
#2 C:\xampp\htdocs\kasir\kasir\vendor\codeigniter4\framework\system\Database\BaseConnection.php(598): CodeIgniter\Database\BaseConnection->simpleQuery('INSERT INTO `us...')
#3 C:\xampp\htdocs\kasir\kasir\vendor\codeigniter4\framework\system\Database\BaseBuilder.php(1759): CodeIgniter\Database\BaseConnection->query('INSERT INTO `us...', Array, false)
#4 C:\xampp\htdocs\kasir\kasir\vendor\codeigniter4\framework\system\Model.php(239): CodeIgniter\Database\BaseBuilder->insert()
#5 C:\xampp\htdocs\kasir\kasir\vendor\codeigniter4\framework\system\BaseModel.php(738): CodeIgniter\Model->doInsert(Array)
#6 C:\xampp\htdocs\kasir\kasir\vendor\codeigniter4\framework\system\Model.php(620): CodeIgniter\BaseModel->insert(Array, false)
#7 C:\xampp\htdocs\kasir\kasir\vendor\codeigniter4\framework\system\BaseModel.php(658): CodeIgniter\Model->insert(Object(App\Entities\User), false)
#8 C:\xampp\htdocs\kasir\kasir\app\Controllers\User.php(31): CodeIgniter\BaseModel->save(Object(App\Entities\User))
#9 C:\xampp\htdocs\kasir\kasir\vendor\codeigniter4\framework\system\CodeIgniter.php(824): App\Controllers\User->register()
#10 C:\xampp\htdocs\kasir\kasir\vendor\codeigniter4\framework\system\CodeIgniter.php(410): CodeIgniter\CodeIgniter->runController(Object(App\Controllers\User))
#11 C:\xampp\htdocs\kasir\kasir\vendor\codeigniter4\framework\system\CodeIgniter.php(318): CodeIgniter\CodeIgniter->handleRequest(NULL, Object(Config\Cache), false)
#12 C:\xampp\htdocs\kasir\kasir\public\index.php(37): CodeIgniter\CodeIgniter->run()
#13 C:\xampp\htdocs\kasir\kasir\vendor\codeigniter4\framework\system\Commands\Server\rewrite.php(43): require_once('C:\\xampp\\htdocs...')
#14 {main}
ERROR - 2021-12-08 11:04:44 --> Unknown column 'created_at' in 'field list'
CRITICAL - 2021-12-08 11:04:44 --> Unknown column 'created_at' in 'field list'
#0 C:\xampp\htdocs\kasir\kasir\vendor\codeigniter4\framework\system\Database\MySQLi\Connection.php(292): mysqli->query('INSERT INTO `us...', 0)
#1 C:\xampp\htdocs\kasir\kasir\vendor\codeigniter4\framework\system\Database\BaseConnection.php(670): CodeIgniter\Database\MySQLi\Connection->execute('INSERT INTO `us...')
#2 C:\xampp\htdocs\kasir\kasir\vendor\codeigniter4\framework\system\Database\BaseConnection.php(598): CodeIgniter\Database\BaseConnection->simpleQuery('INSERT INTO `us...')
#3 C:\xampp\htdocs\kasir\kasir\vendor\codeigniter4\framework\system\Database\BaseBuilder.php(1759): CodeIgniter\Database\BaseConnection->query('INSERT INTO `us...', Array, false)
#4 C:\xampp\htdocs\kasir\kasir\vendor\codeigniter4\framework\system\Model.php(239): CodeIgniter\Database\BaseBuilder->insert()
#5 C:\xampp\htdocs\kasir\kasir\vendor\codeigniter4\framework\system\BaseModel.php(738): CodeIgniter\Model->doInsert(Array)
#6 C:\xampp\htdocs\kasir\kasir\vendor\codeigniter4\framework\system\Model.php(620): CodeIgniter\BaseModel->insert(Array, false)
#7 C:\xampp\htdocs\kasir\kasir\vendor\codeigniter4\framework\system\BaseModel.php(658): CodeIgniter\Model->insert(Object(App\Entities\User), false)
#8 C:\xampp\htdocs\kasir\kasir\app\Controllers\User.php(31): CodeIgniter\BaseModel->save(Object(App\Entities\User))
#9 C:\xampp\htdocs\kasir\kasir\vendor\codeigniter4\framework\system\CodeIgniter.php(824): App\Controllers\User->register()
#10 C:\xampp\htdocs\kasir\kasir\vendor\codeigniter4\framework\system\CodeIgniter.php(410): CodeIgniter\CodeIgniter->runController(Object(App\Controllers\User))
#11 C:\xampp\htdocs\kasir\kasir\vendor\codeigniter4\framework\system\CodeIgniter.php(318): CodeIgniter\CodeIgniter->handleRequest(NULL, Object(Config\Cache), false)
#12 C:\xampp\htdocs\kasir\kasir\public\index.php(37): CodeIgniter\CodeIgniter->run()
#13 C:\xampp\htdocs\kasir\kasir\vendor\codeigniter4\framework\system\Commands\Server\rewrite.php(43): require_once('C:\\xampp\\htdocs...')
#14 {main}
